Analysis & Synthesis report for Aula8
Wed Sep 29 16:23:28 2021
Quartus Prime Version 20.1.0 Build 711 06/05/2020 SJ Lite Edition


---------------------
; Table of Contents ;
---------------------
  1. Legal Notice
  2. Analysis & Synthesis Summary
  3. Analysis & Synthesis Settings
  4. Parallel Compilation
  5. Analysis & Synthesis Source Files Read
  6. Analysis & Synthesis Resource Usage Summary
  7. Analysis & Synthesis Resource Utilization by Entity
  8. Registers Removed During Synthesis
  9. Removed Registers Triggering Further Register Optimizations
 10. General Register Statistics
 11. Parameter Settings for User Entity Instance: Top-level Entity: |Aula8
 12. Parameter Settings for User Entity Instance: CPU:CPU
 13. Parameter Settings for User Entity Instance: CPU:CPU|muxGenerico2x1:MUX2x1
 14. Parameter Settings for User Entity Instance: CPU:CPU|muxGenerico4x1:MUX4x1
 15. Parameter Settings for User Entity Instance: CPU:CPU|registradorGenerico:REG1
 16. Parameter Settings for User Entity Instance: CPU:CPU|Registrador1X1:FLAG
 17. Parameter Settings for User Entity Instance: CPU:CPU|registradorGenerico:REG_RET
 18. Parameter Settings for User Entity Instance: CPU:CPU|registradorGenerico:PC
 19. Parameter Settings for User Entity Instance: CPU:CPU|somaConstante:somaUm
 20. Parameter Settings for User Entity Instance: CPU:CPU|ULASomaSub:ULA1
 21. Parameter Settings for User Entity Instance: Decoder3x8:Decoder1
 22. Parameter Settings for User Entity Instance: Decoder3x8:Decoder2
 23. Parameter Settings for User Entity Instance: registradorGenerico:LEDRP
 24. Parameter Settings for User Entity Instance: Registrador1X1:LEDR8
 25. Parameter Settings for User Entity Instance: Registrador1X1:LEDR9
 26. Parameter Settings for User Entity Instance: memoriaROM:ROM
 27. Parameter Settings for User Entity Instance: memoriaRAM:RAM
 28. Port Connectivity Checks: "Registrador1X1:LEDR9"
 29. Port Connectivity Checks: "Registrador1X1:LEDR8"
 30. Port Connectivity Checks: "registradorGenerico:LEDRP"
 31. Port Connectivity Checks: "Decoder3x8:Decoder2"
 32. Port Connectivity Checks: "Decoder3x8:Decoder1"
 33. Port Connectivity Checks: "CPU:CPU|registradorGenerico:PC"
 34. Port Connectivity Checks: "CPU:CPU|muxGenerico4x1:MUX4x1"
 35. Port Connectivity Checks: "CPU:CPU"
 36. Post-Synthesis Netlist Statistics for Top Partition
 37. Elapsed Time Per Partition
 38. Analysis & Synthesis Messages



----------------
; Legal Notice ;
----------------
Copyright (C) 2020  Intel Corporation. All rights reserved.
Your use of Intel Corporation's design tools, logic functions 
and other software and tools, and any partner logic 
functions, and any output files from any of the foregoing 
(including device programming or simulation files), and any 
associated documentation or information are expressly subject 
to the terms and conditions of the Intel Program License 
Subscription Agreement, the Intel Quartus Prime License Agreement,
the Intel FPGA IP License Agreement, or other applicable license
agreement, including, without limitation, that your use is for
the sole purpose of programming logic devices manufactured by
Intel and sold by Intel or its authorized distributors.  Please
refer to the applicable agreement for further details, at
https://fpgasoftware.intel.com/eula.



+-------------------------------------------------------------------------------+
; Analysis & Synthesis Summary                                                  ;
+---------------------------------+---------------------------------------------+
; Analysis & Synthesis Status     ; Successful - Wed Sep 29 16:23:28 2021       ;
; Quartus Prime Version           ; 20.1.0 Build 711 06/05/2020 SJ Lite Edition ;
; Revision Name                   ; Aula8                                       ;
; Top-level Entity Name           ; Aula8                                       ;
; Family                          ; Cyclone V                                   ;
; Logic utilization (in ALMs)     ; N/A                                         ;
; Total registers                 ; 0                                           ;
; Total pins                      ; 45                                          ;
; Total virtual pins              ; 0                                           ;
; Total block memory bits         ; 0                                           ;
; Total DSP Blocks                ; 0                                           ;
; Total HSSI RX PCSs              ; 0                                           ;
; Total HSSI PMA RX Deserializers ; 0                                           ;
; Total HSSI TX PCSs              ; 0                                           ;
; Total HSSI PMA TX Serializers   ; 0                                           ;
; Total PLLs                      ; 0                                           ;
; Total DLLs                      ; 0                                           ;
+---------------------------------+---------------------------------------------+


+---------------------------------------------------------------------------------------------------------------------------+
; Analysis & Synthesis Settings                                                                                             ;
+---------------------------------------------------------------------------------+--------------------+--------------------+
; Option                                                                          ; Setting            ; Default Value      ;
+---------------------------------------------------------------------------------+--------------------+--------------------+
; Device                                                                          ; 5CEBA4F23C7        ;                    ;
; Top-level entity name                                                           ; Aula8              ; Aula8              ;
; Family name                                                                     ; Cyclone V          ; Cyclone V          ;
; VHDL Show LMF Mapping Messages                                                  ; Off                ;                    ;
; VHDL Version                                                                    ; VHDL_2008          ; VHDL_1993          ;
; Use smart compilation                                                           ; Off                ; Off                ;
; Enable parallel Assembler and Timing Analyzer during compilation                ; On                 ; On                 ;
; Enable compact report table                                                     ; Off                ; Off                ;
; Restructure Multiplexers                                                        ; Auto               ; Auto               ;
; MLAB Add Timing Constraints For Mixed-Port Feed-Through Mode Setting Don't Care ; Off                ; Off                ;
; Create Debugging Nodes for IP Cores                                             ; Off                ; Off                ;
; Preserve fewer node names                                                       ; On                 ; On                 ;
; Intel FPGA IP Evaluation Mode                                                   ; Enable             ; Enable             ;
; Verilog Version                                                                 ; Verilog_2001       ; Verilog_2001       ;
; State Machine Processing                                                        ; Auto               ; Auto               ;
; Safe State Machine                                                              ; Off                ; Off                ;
; Extract Verilog State Machines                                                  ; On                 ; On                 ;
; Extract VHDL State Machines                                                     ; On                 ; On                 ;
; Ignore Verilog initial constructs                                               ; Off                ; Off                ;
; Iteration limit for constant Verilog loops                                      ; 5000               ; 5000               ;
; Iteration limit for non-constant Verilog loops                                  ; 250                ; 250                ;
; Add Pass-Through Logic to Inferred RAMs                                         ; On                 ; On                 ;
; Infer RAMs from Raw Logic                                                       ; On                 ; On                 ;
; Parallel Synthesis                                                              ; On                 ; On                 ;
; DSP Block Balancing                                                             ; Auto               ; Auto               ;
; NOT Gate Push-Back                                                              ; On                 ; On                 ;
; Power-Up Don't Care                                                             ; On                 ; On                 ;
; Remove Redundant Logic Cells                                                    ; Off                ; Off                ;
; Remove Duplicate Registers                                                      ; On                 ; On                 ;
; Ignore CARRY Buffers                                                            ; Off                ; Off                ;
; Ignore CASCADE Buffers                                                          ; Off                ; Off                ;
; Ignore GLOBAL Buffers                                                           ; Off                ; Off                ;
; Ignore ROW GLOBAL Buffers                                                       ; Off                ; Off                ;
; Ignore LCELL Buffers                                                            ; Off                ; Off                ;
; Ignore SOFT Buffers                                                             ; On                 ; On                 ;
; Limit AHDL Integers to 32 Bits                                                  ; Off                ; Off                ;
; Optimization Technique                                                          ; Balanced           ; Balanced           ;
; Carry Chain Length                                                              ; 70                 ; 70                 ;
; Auto Carry Chains                                                               ; On                 ; On                 ;
; Auto Open-Drain Pins                                                            ; On                 ; On                 ;
; Perform WYSIWYG Primitive Resynthesis                                           ; Off                ; Off                ;
; Auto ROM Replacement                                                            ; On                 ; On                 ;
; Auto RAM Replacement                                                            ; On                 ; On                 ;
; Auto DSP Block Replacement                                                      ; On                 ; On                 ;
; Auto Shift Register Replacement                                                 ; Auto               ; Auto               ;
; Allow Shift Register Merging across Hierarchies                                 ; Auto               ; Auto               ;
; Auto Clock Enable Replacement                                                   ; On                 ; On                 ;
; Strict RAM Replacement                                                          ; Off                ; Off                ;
; Allow Synchronous Control Signals                                               ; On                 ; On                 ;
; Force Use of Synchronous Clear Signals                                          ; Off                ; Off                ;
; Auto Resource Sharing                                                           ; Off                ; Off                ;
; Allow Any RAM Size For Recognition                                              ; Off                ; Off                ;
; Allow Any ROM Size For Recognition                                              ; Off                ; Off                ;
; Allow Any Shift Register Size For Recognition                                   ; Off                ; Off                ;
; Use LogicLock Constraints during Resource Balancing                             ; On                 ; On                 ;
; Ignore translate_off and synthesis_off directives                               ; Off                ; Off                ;
; Timing-Driven Synthesis                                                         ; On                 ; On                 ;
; Report Parameter Settings                                                       ; On                 ; On                 ;
; Report Source Assignments                                                       ; On                 ; On                 ;
; Report Connectivity Checks                                                      ; On                 ; On                 ;
; Ignore Maximum Fan-Out Assignments                                              ; Off                ; Off                ;
; Synchronization Register Chain Length                                           ; 3                  ; 3                  ;
; Power Optimization During Synthesis                                             ; Normal compilation ; Normal compilation ;
; HDL message level                                                               ; Level2             ; Level2             ;
; Suppress Register Optimization Related Messages                                 ; Off                ; Off                ;
; Number of Removed Registers Reported in Synthesis Report                        ; 5000               ; 5000               ;
; Number of Swept Nodes Reported in Synthesis Report                              ; 5000               ; 5000               ;
; Number of Inverted Registers Reported in Synthesis Report                       ; 100                ; 100                ;
; Clock MUX Protection                                                            ; On                 ; On                 ;
; Auto Gated Clock Conversion                                                     ; Off                ; Off                ;
; Block Design Naming                                                             ; Auto               ; Auto               ;
; SDC constraint protection                                                       ; Off                ; Off                ;
; Synthesis Effort                                                                ; Auto               ; Auto               ;
; Shift Register Replacement - Allow Asynchronous Clear Signal                    ; On                 ; On                 ;
; Pre-Mapping Resynthesis Optimization                                            ; Off                ; Off                ;
; Analysis & Synthesis Message Level                                              ; Medium             ; Medium             ;
; Disable Register Merging Across Hierarchies                                     ; Auto               ; Auto               ;
; Resource Aware Inference For Block RAM                                          ; On                 ; On                 ;
; Automatic Parallel Synthesis                                                    ; On                 ; On                 ;
; Partial Reconfiguration Bitstream ID                                            ; Off                ; Off                ;
+---------------------------------------------------------------------------------+--------------------+--------------------+


+------------------------------------------+
; Parallel Compilation                     ;
+----------------------------+-------------+
; Processors                 ; Number      ;
+----------------------------+-------------+
; Number detected on machine ; 8           ;
; Maximum allowed            ; 4           ;
;                            ;             ;
; Average used               ; 1.00        ;
; Maximum used               ; 1           ;
;                            ;             ;
; Usage by Processor         ; % Time Used ;
;     Processor 1            ; 100.0%      ;
+----------------------------+-------------+


+------------------------------------------------------------------------------------------------------------------------------------------------------------+
; Analysis & Synthesis Source Files Read                                                                                                                     ;
+----------------------------------+-----------------+-----------------+---------------------------------------------------------------------------+---------+
; File Name with User-Entered Path ; Used in Netlist ; File Type       ; File Name with Absolute Path                                              ; Library ;
+----------------------------------+-----------------+-----------------+---------------------------------------------------------------------------+---------+
; Aula8.vhd                        ; yes             ; User VHDL File  ; /home/deku/Facul/DesignComputadores/DesComp/Aula8/Aula8.vhd               ;         ;
; MemoriaRAM.vhd                   ; yes             ; User VHDL File  ; /home/deku/Facul/DesignComputadores/DesComp/Aula8/MemoriaRAM.vhd          ;         ;
; Decoder.vhd                      ; yes             ; User VHDL File  ; /home/deku/Facul/DesignComputadores/DesComp/Aula8/Decoder.vhd             ;         ;
; MuxGenerico.vhd                  ; yes             ; User VHDL File  ; /home/deku/Facul/DesignComputadores/DesComp/Aula8/MuxGenerico.vhd         ;         ;
; MemoriaROM.vhd                   ; yes             ; User VHDL File  ; /home/deku/Facul/DesignComputadores/DesComp/Aula8/MemoriaROM.vhd          ;         ;
; RegistradorGenerico.vhd          ; yes             ; User VHDL File  ; /home/deku/Facul/DesignComputadores/DesComp/Aula8/RegistradorGenerico.vhd ;         ;
; UlaSomaSub.vhd                   ; yes             ; User VHDL File  ; /home/deku/Facul/DesignComputadores/DesComp/Aula8/UlaSomaSub.vhd          ;         ;
; SomaConstante.vhd                ; yes             ; User VHDL File  ; /home/deku/Facul/DesignComputadores/DesComp/Aula8/SomaConstante.vhd       ;         ;
; muxGenerico4x1.vhd               ; yes             ; User VHDL File  ; /home/deku/Facul/DesignComputadores/DesComp/Aula8/muxGenerico4x1.vhd      ;         ;
; LogicaDesvio.vhd                 ; yes             ; User VHDL File  ; /home/deku/Facul/DesignComputadores/DesComp/Aula8/LogicaDesvio.vhd        ;         ;
; Registrador1X1.vhd               ; yes             ; User VHDL File  ; /home/deku/Facul/DesignComputadores/DesComp/Aula8/Registrador1X1.vhd      ;         ;
; Decoder3X8.vhd                   ; yes             ; User VHDL File  ; /home/deku/Facul/DesignComputadores/DesComp/Aula8/Decoder3X8.vhd          ;         ;
; CPU.vhd                          ; yes             ; User VHDL File  ; /home/deku/Facul/DesignComputadores/DesComp/Aula8/CPU.vhd                 ;         ;
+----------------------------------+-----------------+-----------------+---------------------------------------------------------------------------+---------+


+-------------------------------------------------------------------+
; Analysis & Synthesis Resource Usage Summary                       ;
+---------------------------------------------+---------------------+
; Resource                                    ; Usage               ;
+---------------------------------------------+---------------------+
; Estimate of Logic utilization (ALMs needed) ; 0                   ;
;                                             ;                     ;
; Combinational ALUT usage for logic          ; 0                   ;
;     -- 7 input functions                    ; 0                   ;
;     -- 6 input functions                    ; 0                   ;
;     -- 5 input functions                    ; 0                   ;
;     -- 4 input functions                    ; 0                   ;
;     -- <=3 input functions                  ; 0                   ;
;                                             ;                     ;
; Dedicated logic registers                   ; 0                   ;
;                                             ;                     ;
; I/O pins                                    ; 45                  ;
;                                             ;                     ;
; Total DSP Blocks                            ; 0                   ;
;                                             ;                     ;
; Maximum fan-out node                        ; RAM_Saida[0]~output ;
; Maximum fan-out                             ; 1                   ;
; Total fan-out                               ; 45                  ;
; Average fan-out                             ; 0.50                ;
+---------------------------------------------+---------------------+


+----------------------------------------------------------------------------------------------------------------------------------------------------------------------------------------+
; Analysis & Synthesis Resource Utilization by Entity                                                                                                                                    ;
+----------------------------+---------------------+---------------------------+-------------------+------------+------+--------------+---------------------+-------------+--------------+
; Compilation Hierarchy Node ; Combinational ALUTs ; Dedicated Logic Registers ; Block Memory Bits ; DSP Blocks ; Pins ; Virtual Pins ; Full Hierarchy Name ; Entity Name ; Library Name ;
+----------------------------+---------------------+---------------------------+-------------------+------------+------+--------------+---------------------+-------------+--------------+
; |Aula8                     ; 0 (0)               ; 0 (0)                     ; 0                 ; 0          ; 45   ; 0            ; |Aula8              ; Aula8       ; work         ;
+----------------------------+---------------------+---------------------------+-------------------+------------+------+--------------+---------------------+-------------+--------------+
Note: For table entries with two numbers listed, the numbers in parentheses indicate the number of resources of the given type used by the specific entity alone. The numbers listed outside of parentheses indicate the total resources of the given type used by the specific entity and all of its sub-entities in the hierarchy.


+----------------------------------------------------------------------------------------------+
; Registers Removed During Synthesis                                                           ;
+------------------------------------------------+---------------------------------------------+
; Register name                                  ; Reason for Removal                          ;
+------------------------------------------------+---------------------------------------------+
; CPU:CPU|registradorGenerico:REG_RET|DOUT[0..8] ; Stuck at GND due to stuck port clock_enable ;
; CPU:CPU|Registrador1X1:FLAG|DOUT               ; Lost fanout                                 ;
; registradorGenerico:LEDRP|DOUT[0..7]           ; Stuck at GND due to stuck port clock_enable ;
; Registrador1X1:LEDR8|DOUT                      ; Stuck at GND due to stuck port clock_enable ;
; Registrador1X1:LEDR9|DOUT                      ; Stuck at GND due to stuck port clock_enable ;
; CPU:CPU|registradorGenerico:REG1|DOUT[0]       ; Lost fanout                                 ;
; CPU:CPU|registradorGenerico:PC|DOUT[0..2,6..8] ; Lost fanout                                 ;
; CPU:CPU|registradorGenerico:REG1|DOUT[1..7]    ; Lost fanout                                 ;
; CPU:CPU|registradorGenerico:PC|DOUT[3..5]      ; Lost fanout                                 ;
; Total Number of Removed Registers = 37         ;                                             ;
+------------------------------------------------+---------------------------------------------+


+--------------------------------------------------------------------------------------------------------------------------------------------------------------------+
; Removed Registers Triggering Further Register Optimizations                                                                                                        ;
+---------------------------------------------+--------------------------------+-------------------------------------------------------------------------------------+
; Register name                               ; Reason for Removal             ; Registers Removed due to This Register                                              ;
+---------------------------------------------+--------------------------------+-------------------------------------------------------------------------------------+
; CPU:CPU|registradorGenerico:REG_RET|DOUT[2] ; Stuck at GND                   ; CPU:CPU|Registrador1X1:FLAG|DOUT, CPU:CPU|registradorGenerico:REG1|DOUT[1],         ;
;                                             ; due to stuck port clock_enable ; CPU:CPU|registradorGenerico:REG1|DOUT[2], CPU:CPU|registradorGenerico:REG1|DOUT[3], ;
;                                             ;                                ; CPU:CPU|registradorGenerico:REG1|DOUT[4], CPU:CPU|registradorGenerico:REG1|DOUT[5], ;
;                                             ;                                ; CPU:CPU|registradorGenerico:REG1|DOUT[6], CPU:CPU|registradorGenerico:REG1|DOUT[7]  ;
; registradorGenerico:LEDRP|DOUT[0]           ; Stuck at GND                   ; CPU:CPU|registradorGenerico:REG1|DOUT[0]                                            ;
;                                             ; due to stuck port clock_enable ;                                                                                     ;
+---------------------------------------------+--------------------------------+-------------------------------------------------------------------------------------+


+------------------------------------------------------+
; General Register Statistics                          ;
+----------------------------------------------+-------+
; Statistic                                    ; Value ;
+----------------------------------------------+-------+
; Total registers                              ; 0     ;
; Number of registers using Synchronous Clear  ; 0     ;
; Number of registers using Synchronous Load   ; 0     ;
; Number of registers using Asynchronous Clear ; 0     ;
; Number of registers using Asynchronous Load  ; 0     ;
; Number of registers using Clock Enable       ; 0     ;
; Number of registers using Preset             ; 0     ;
+----------------------------------------------+-------+


+-----------------------------------------------------------------------+
; Parameter Settings for User Entity Instance: Top-level Entity: |Aula8 ;
+----------------+-------+----------------------------------------------+
; Parameter Name ; Value ; Type                                         ;
+----------------+-------+----------------------------------------------+
; larguraDados   ; 8     ; Signed Integer                               ;
; larguraROM     ; 13    ; Signed Integer                               ;
; larguraAddROM  ; 9     ; Signed Integer                               ;
; larguraPCROM   ; 9     ; Signed Integer                               ;
; larguraRAM     ; 8     ; Signed Integer                               ;
; larguraAddRAM  ; 6     ; Signed Integer                               ;
; simulacao      ; true  ; Enumerated                                   ;
+----------------+-------+----------------------------------------------+
Note: In order to hide this table in the UI and the text report file, please set the "Show Parameter Settings in Synthesis Report" option in "Analysis and Synthesis Settings -> More Settings" to "Off".


+------------------------------------------------------+
; Parameter Settings for User Entity Instance: CPU:CPU ;
+----------------+-------+-----------------------------+
; Parameter Name ; Value ; Type                        ;
+----------------+-------+-----------------------------+
; larguradados   ; 8     ; Signed Integer              ;
; largurarom     ; 13    ; Signed Integer              ;
; larguraaddrom  ; 9     ; Signed Integer              ;
; largurapcrom   ; 9     ; Signed Integer              ;
; larguraram     ; 8     ; Signed Integer              ;
; larguraaddram  ; 8     ; Signed Integer              ;
; simulacao      ; true  ; Enumerated                  ;
+----------------+-------+-----------------------------+
Note: In order to hide this table in the UI and the text report file, please set the "Show Parameter Settings in Synthesis Report" option in "Analysis and Synthesis Settings -> More Settings" to "Off".


+----------------------------------------------------------------------------+
; Parameter Settings for User Entity Instance: CPU:CPU|muxGenerico2x1:MUX2x1 ;
+----------------+-------+---------------------------------------------------+
; Parameter Name ; Value ; Type                                              ;
+----------------+-------+---------------------------------------------------+
; larguradados   ; 8     ; Signed Integer                                    ;
+----------------+-------+---------------------------------------------------+
Note: In order to hide this table in the UI and the text report file, please set the "Show Parameter Settings in Synthesis Report" option in "Analysis and Synthesis Settings -> More Settings" to "Off".


+----------------------------------------------------------------------------+
; Parameter Settings for User Entity Instance: CPU:CPU|muxGenerico4x1:MUX4x1 ;
+----------------+-------+---------------------------------------------------+
; Parameter Name ; Value ; Type                                              ;
+----------------+-------+---------------------------------------------------+
; larguradados   ; 9     ; Signed Integer                                    ;
+----------------+-------+---------------------------------------------------+
Note: In order to hide this table in the UI and the text report file, please set the "Show Parameter Settings in Synthesis Report" option in "Analysis and Synthesis Settings -> More Settings" to "Off".


+-------------------------------------------------------------------------------+
; Parameter Settings for User Entity Instance: CPU:CPU|registradorGenerico:REG1 ;
+----------------+-------+------------------------------------------------------+
; Parameter Name ; Value ; Type                                                 ;
+----------------+-------+------------------------------------------------------+
; larguradados   ; 8     ; Signed Integer                                       ;
+----------------+-------+------------------------------------------------------+
Note: In order to hide this table in the UI and the text report file, please set the "Show Parameter Settings in Synthesis Report" option in "Analysis and Synthesis Settings -> More Settings" to "Off".


+--------------------------------------------------------------------------+
; Parameter Settings for User Entity Instance: CPU:CPU|Registrador1X1:FLAG ;
+----------------+-------+-------------------------------------------------+
; Parameter Name ; Value ; Type                                            ;
+----------------+-------+-------------------------------------------------+
; larguradados   ; 8     ; Signed Integer                                  ;
+----------------+-------+-------------------------------------------------+
Note: In order to hide this table in the UI and the text report file, please set the "Show Parameter Settings in Synthesis Report" option in "Analysis and Synthesis Settings -> More Settings" to "Off".


+----------------------------------------------------------------------------------+
; Parameter Settings for User Entity Instance: CPU:CPU|registradorGenerico:REG_RET ;
+----------------+-------+---------------------------------------------------------+
; Parameter Name ; Value ; Type                                                    ;
+----------------+-------+---------------------------------------------------------+
; larguradados   ; 9     ; Signed Integer                                          ;
+----------------+-------+---------------------------------------------------------+
Note: In order to hide this table in the UI and the text report file, please set the "Show Parameter Settings in Synthesis Report" option in "Analysis and Synthesis Settings -> More Settings" to "Off".


+-----------------------------------------------------------------------------+
; Parameter Settings for User Entity Instance: CPU:CPU|registradorGenerico:PC ;
+----------------+-------+----------------------------------------------------+
; Parameter Name ; Value ; Type                                               ;
+----------------+-------+----------------------------------------------------+
; larguradados   ; 9     ; Signed Integer                                     ;
+----------------+-------+----------------------------------------------------+
Note: In order to hide this table in the UI and the text report file, please set the "Show Parameter Settings in Synthesis Report" option in "Analysis and Synthesis Settings -> More Settings" to "Off".


+---------------------------------------------------------------------------+
; Parameter Settings for User Entity Instance: CPU:CPU|somaConstante:somaUm ;
+----------------+-------+--------------------------------------------------+
; Parameter Name ; Value ; Type                                             ;
+----------------+-------+--------------------------------------------------+
; larguradados   ; 9     ; Signed Integer                                   ;
; constante      ; 1     ; Signed Integer                                   ;
+----------------+-------+--------------------------------------------------+
Note: In order to hide this table in the UI and the text report file, please set the "Show Parameter Settings in Synthesis Report" option in "Analysis and Synthesis Settings -> More Settings" to "Off".


+----------------------------------------------------------------------+
; Parameter Settings for User Entity Instance: CPU:CPU|ULASomaSub:ULA1 ;
+----------------+-------+---------------------------------------------+
; Parameter Name ; Value ; Type                                        ;
+----------------+-------+---------------------------------------------+
; larguradados   ; 8     ; Signed Integer                              ;
+----------------+-------+---------------------------------------------+
Note: In order to hide this table in the UI and the text report file, please set the "Show Parameter Settings in Synthesis Report" option in "Analysis and Synthesis Settings -> More Settings" to "Off".


+------------------------------------------------------------------+
; Parameter Settings for User Entity Instance: Decoder3x8:Decoder1 ;
+----------------+-------+-----------------------------------------+
; Parameter Name ; Value ; Type                                    ;
+----------------+-------+-----------------------------------------+
; larguradados   ; 3     ; Signed Integer                          ;
+----------------+-------+-----------------------------------------+
Note: In order to hide this table in the UI and the text report file, please set the "Show Parameter Settings in Synthesis Report" option in "Analysis and Synthesis Settings -> More Settings" to "Off".


+------------------------------------------------------------------+
; Parameter Settings for User Entity Instance: Decoder3x8:Decoder2 ;
+----------------+-------+-----------------------------------------+
; Parameter Name ; Value ; Type                                    ;
+----------------+-------+-----------------------------------------+
; larguradados   ; 3     ; Signed Integer                          ;
+----------------+-------+-----------------------------------------+
Note: In order to hide this table in the UI and the text report file, please set the "Show Parameter Settings in Synthesis Report" option in "Analysis and Synthesis Settings -> More Settings" to "Off".


+------------------------------------------------------------------------+
; Parameter Settings for User Entity Instance: registradorGenerico:LEDRP ;
+----------------+-------+-----------------------------------------------+
; Parameter Name ; Value ; Type                                          ;
+----------------+-------+-----------------------------------------------+
; larguradados   ; 8     ; Signed Integer                                ;
+----------------+-------+-----------------------------------------------+
Note: In order to hide this table in the UI and the text report file, please set the "Show Parameter Settings in Synthesis Report" option in "Analysis and Synthesis Settings -> More Settings" to "Off".


+-------------------------------------------------------------------+
; Parameter Settings for User Entity Instance: Registrador1X1:LEDR8 ;
+----------------+-------+------------------------------------------+
; Parameter Name ; Value ; Type                                     ;
+----------------+-------+------------------------------------------+
; larguradados   ; 1     ; Signed Integer                           ;
+----------------+-------+------------------------------------------+
Note: In order to hide this table in the UI and the text report file, please set the "Show Parameter Settings in Synthesis Report" option in "Analysis and Synthesis Settings -> More Settings" to "Off".


+-------------------------------------------------------------------+
; Parameter Settings for User Entity Instance: Registrador1X1:LEDR9 ;
+----------------+-------+------------------------------------------+
; Parameter Name ; Value ; Type                                     ;
+----------------+-------+------------------------------------------+
; larguradados   ; 1     ; Signed Integer                           ;
+----------------+-------+------------------------------------------+
Note: In order to hide this table in the UI and the text report file, please set the "Show Parameter Settings in Synthesis Report" option in "Analysis and Synthesis Settings -> More Settings" to "Off".


+-------------------------------------------------------------+
; Parameter Settings for User Entity Instance: memoriaROM:ROM ;
+----------------+-------+------------------------------------+
; Parameter Name ; Value ; Type                               ;
+----------------+-------+------------------------------------+
; datawidth      ; 13    ; Signed Integer                     ;
; addrwidth      ; 9     ; Signed Integer                     ;
+----------------+-------+------------------------------------+
Note: In order to hide this table in the UI and the text report file, please set the "Show Parameter Settings in Synthesis Report" option in "Analysis and Synthesis Settings -> More Settings" to "Off".


+-------------------------------------------------------------+
; Parameter Settings for User Entity Instance: memoriaRAM:RAM ;
+----------------+-------+------------------------------------+
; Parameter Name ; Value ; Type                               ;
+----------------+-------+------------------------------------+
; datawidth      ; 8     ; Signed Integer                     ;
; addrwidth      ; 6     ; Signed Integer                     ;
+----------------+-------+------------------------------------+
Note: In order to hide this table in the UI and the text report file, please set the "Show Parameter Settings in Synthesis Report" option in "Analysis and Synthesis Settings -> More Settings" to "Off".


+--------------------------------------------------+
; Port Connectivity Checks: "Registrador1X1:LEDR9" ;
+------+-------+----------+------------------------+
; Port ; Type  ; Severity ; Details                ;
+------+-------+----------+------------------------+
; rst  ; Input ; Info     ; Stuck at GND           ;
+------+-------+----------+------------------------+


+--------------------------------------------------+
; Port Connectivity Checks: "Registrador1X1:LEDR8" ;
+------+-------+----------+------------------------+
; Port ; Type  ; Severity ; Details                ;
+------+-------+----------+------------------------+
; rst  ; Input ; Info     ; Stuck at GND           ;
+------+-------+----------+------------------------+


+-------------------------------------------------------+
; Port Connectivity Checks: "registradorGenerico:LEDRP" ;
+------+-------+----------+-----------------------------+
; Port ; Type  ; Severity ; Details                     ;
+------+-------+----------+-----------------------------+
; rst  ; Input ; Info     ; Stuck at GND                ;
+------+-------+----------+-----------------------------+


+------------------------------------------------------------------------------------------------------------------------+
; Port Connectivity Checks: "Decoder3x8:Decoder2"                                                                        ;
+--------------+--------+----------+-------------------------------------------------------------------------------------+
; Port         ; Type   ; Severity ; Details                                                                             ;
+--------------+--------+----------+-------------------------------------------------------------------------------------+
; output[7..3] ; Output ; Info     ; Connected to dangling logic. Logic that only feeds a dangling port will be removed. ;
+--------------+--------+----------+-------------------------------------------------------------------------------------+


+------------------------------------------------------------------------------------------------------------------------+
; Port Connectivity Checks: "Decoder3x8:Decoder1"                                                                        ;
+--------------+--------+----------+-------------------------------------------------------------------------------------+
; Port         ; Type   ; Severity ; Details                                                                             ;
+--------------+--------+----------+-------------------------------------------------------------------------------------+
; output[7..5] ; Output ; Info     ; Connected to dangling logic. Logic that only feeds a dangling port will be removed. ;
; output[3..1] ; Output ; Info     ; Connected to dangling logic. Logic that only feeds a dangling port will be removed. ;
+--------------+--------+----------+-------------------------------------------------------------------------------------+


+------------------------------------------------------------+
; Port Connectivity Checks: "CPU:CPU|registradorGenerico:PC" ;
+--------+-------+----------+--------------------------------+
; Port   ; Type  ; Severity ; Details                        ;
+--------+-------+----------+--------------------------------+
; enable ; Input ; Info     ; Stuck at VCC                   ;
; rst    ; Input ; Info     ; Stuck at GND                   ;
+--------+-------+----------+--------------------------------+


+-----------------------------------------------------------+
; Port Connectivity Checks: "CPU:CPU|muxGenerico4x1:MUX4x1" ;
+--------------+-------+----------+-------------------------+
; Port         ; Type  ; Severity ; Details                 ;
+--------------+-------+----------+-------------------------+
; entradad_mux ; Input ; Info     ; Stuck at GND            ;
+--------------+-------+----------+-------------------------+


+--------------------------------------------------------------------------------------------------------------------+
; Port Connectivity Checks: "CPU:CPU"                                                                                ;
+----------+--------+----------+-------------------------------------------------------------------------------------+
; Port     ; Type   ; Severity ; Details                                                                             ;
+----------+--------+----------+-------------------------------------------------------------------------------------+
; reset    ; Input  ; Info     ; Stuck at GND                                                                        ;
; ledr     ; Output ; Info     ; Connected to dangling logic. Logic that only feeds a dangling port will be removed. ;
; endereco ; Output ; Info     ; Connected to dangling logic. Logic that only feeds a dangling port will be removed. ;
+----------+--------+----------+-------------------------------------------------------------------------------------+


+-----------------------------------------------------+
; Post-Synthesis Netlist Statistics for Top Partition ;
+-----------------------+-----------------------------+
; Type                  ; Count                       ;
+-----------------------+-----------------------------+
; arriav_io_obuf        ; 8                           ;
; arriav_lcell_comb     ; 2                           ;
;     normal            ; 2                           ;
;         0 data inputs ; 2                           ;
; boundary_port         ; 45                          ;
;                       ;                             ;
; Max LUT depth         ; 0.00                        ;
; Average LUT depth     ; 0.00                        ;
+-----------------------+-----------------------------+


+-------------------------------+
; Elapsed Time Per Partition    ;
+----------------+--------------+
; Partition Name ; Elapsed Time ;
+----------------+--------------+
; Top            ; 00:00:00     ;
+----------------+--------------+


+-------------------------------+
; Analysis & Synthesis Messages ;
+-------------------------------+
Info: *******************************************************************
Info: Running Quartus Prime Analysis & Synthesis
    Info: Version 20.1.0 Build 711 06/05/2020 SJ Lite Edition
    Info: Processing started: Wed Sep 29 16:23:20 2021
Info: Command: quartus_map --read_settings_files=on --write_settings_files=off Aula8 -c Aula8
Warning (18236): Number of processors has not been specified which may cause overloading on shared machines.  Set the global assignment NUM_PARALLEL_PROCESSORS in your QSF to an appropriate value for best performance.
Info (20030): Parallel compilation is enabled and will use 4 of the 4 processors detected
Info (12021): Found 2 design units, including 1 entities, in source file conversorHex7Seg.vhd
    Info (12022): Found design unit 1: conversorHex7Seg-comportamento File: /home/deku/Facul/DesignComputadores/DesComp/Aula8/conversorHex7Seg.vhd Line: 17
    Info (12023): Found entity 1: conversorHex7Seg File: /home/deku/Facul/DesignComputadores/DesComp/Aula8/conversorHex7Seg.vhd Line: 4
Info (12021): Found 2 design units, including 1 entities, in source file Aula8.vhd
    Info (12022): Found design unit 1: Aula8-arquitetura File: /home/deku/Facul/DesignComputadores/DesComp/Aula8/Aula8.vhd Line: 27
    Info (12023): Found entity 1: Aula8 File: /home/deku/Facul/DesignComputadores/DesComp/Aula8/Aula8.vhd Line: 4
Info (12021): Found 2 design units, including 1 entities, in source file MemoriaRAM.vhd
    Info (12022): Found design unit 1: memoriaRAM-rtl File: /home/deku/Facul/DesignComputadores/DesComp/Aula8/MemoriaRAM.vhd Line: 21
    Info (12023): Found entity 1: memoriaRAM File: /home/deku/Facul/DesignComputadores/DesComp/Aula8/MemoriaRAM.vhd Line: 5
Info (12021): Found 2 design units, including 1 entities, in source file Decoder.vhd
    Info (12022): Found design unit 1: Decoder-arch_name File: /home/deku/Facul/DesignComputadores/DesComp/Aula8/Decoder.vhd Line: 14
    Info (12023): Found entity 1: Decoder File: /home/deku/Facul/DesignComputadores/DesComp/Aula8/Decoder.vhd Line: 5
Info (12021): Found 2 design units, including 1 entities, in source file MuxGenerico.vhd
    Info (12022): Found design unit 1: muxGenerico2x1-comportamento File: /home/deku/Facul/DesignComputadores/DesComp/Aula8/MuxGenerico.vhd Line: 14
    Info (12023): Found entity 1: muxGenerico2x1 File: /home/deku/Facul/DesignComputadores/DesComp/Aula8/MuxGenerico.vhd Line: 4
Info (12021): Found 3 design units, including 1 entities, in source file EdgeDetector.vhd
    Info (12022): Found design unit 1: edgeDetector-bordaSubida File: /home/deku/Facul/DesignComputadores/DesComp/Aula8/EdgeDetector.vhd Line: 10
    Info (12022): Found design unit 2: edgeDetector-bordaDescida File: /home/deku/Facul/DesignComputadores/DesComp/Aula8/EdgeDetector.vhd Line: 23
    Info (12023): Found entity 1: edgeDetector File: /home/deku/Facul/DesignComputadores/DesComp/Aula8/EdgeDetector.vhd Line: 4
Info (12021): Found 2 design units, including 1 entities, in source file MemoriaROM.vhd
    Info (12022): Found design unit 1: memoriaROM-assincrona File: /home/deku/Facul/DesignComputadores/DesComp/Aula8/MemoriaROM.vhd Line: 16
    Info (12023): Found entity 1: memoriaROM File: /home/deku/Facul/DesignComputadores/DesComp/Aula8/MemoriaROM.vhd Line: 5
Info (12021): Found 2 design units, including 1 entities, in source file RegistradorGenerico.vhd
    Info (12022): Found design unit 1: registradorGenerico-comportamento File: /home/deku/Facul/DesignComputadores/DesComp/Aula8/RegistradorGenerico.vhd Line: 15
    Info (12023): Found entity 1: registradorGenerico File: /home/deku/Facul/DesignComputadores/DesComp/Aula8/RegistradorGenerico.vhd Line: 4
Info (12021): Found 2 design units, including 1 entities, in source file UlaSomaSub.vhd
    Info (12022): Found design unit 1: ULASomaSub-comportamento File: /home/deku/Facul/DesignComputadores/DesComp/Aula8/UlaSomaSub.vhd Line: 15
    Info (12023): Found entity 1: ULASomaSub File: /home/deku/Facul/DesignComputadores/DesComp/Aula8/UlaSomaSub.vhd Line: 5
Warning (12019): Can't analyze file -- file Aula5.vhd is missing
Info (12021): Found 2 design units, including 1 entities, in source file SomaConstante.vhd
    Info (12022): Found design unit 1: somaConstante-comportamento File: /home/deku/Facul/DesignComputadores/DesComp/Aula8/SomaConstante.vhd Line: 18
    Info (12023): Found entity 1: somaConstante File: /home/deku/Facul/DesignComputadores/DesComp/Aula8/SomaConstante.vhd Line: 5
Info (12021): Found 2 design units, including 1 entities, in source file muxGenerico4x1.vhd
    Info (12022): Found design unit 1: muxGenerico4x1-comportamento File: /home/deku/Facul/DesignComputadores/DesComp/Aula8/muxGenerico4x1.vhd Line: 14
    Info (12023): Found entity 1: muxGenerico4x1 File: /home/deku/Facul/DesignComputadores/DesComp/Aula8/muxGenerico4x1.vhd Line: 4
Info (12021): Found 2 design units, including 1 entities, in source file LogicaDesvio.vhd
    Info (12022): Found design unit 1: LogicaDesvio-arch_name File: /home/deku/Facul/DesignComputadores/DesComp/Aula8/LogicaDesvio.vhd Line: 14
    Info (12023): Found entity 1: LogicaDesvio File: /home/deku/Facul/DesignComputadores/DesComp/Aula8/LogicaDesvio.vhd Line: 5
Info (12021): Found 2 design units, including 1 entities, in source file Registrador1X1.vhd
    Info (12022): Found design unit 1: Registrador1X1-comportamento File: /home/deku/Facul/DesignComputadores/DesComp/Aula8/Registrador1X1.vhd Line: 15
    Info (12023): Found entity 1: Registrador1X1 File: /home/deku/Facul/DesignComputadores/DesComp/Aula8/Registrador1X1.vhd Line: 4
Info (12021): Found 2 design units, including 1 entities, in source file Decoder3X8.vhd
    Info (12022): Found design unit 1: Decoder3x8-arquitetura File: /home/deku/Facul/DesignComputadores/DesComp/Aula8/Decoder3X8.vhd Line: 18
    Info (12023): Found entity 1: Decoder3x8 File: /home/deku/Facul/DesignComputadores/DesComp/Aula8/Decoder3X8.vhd Line: 5
Info (12021): Found 2 design units, including 1 entities, in source file CPU.vhd
    Info (12022): Found design unit 1: CPU-arquitetura File: /home/deku/Facul/DesignComputadores/DesComp/Aula8/CPU.vhd Line: 35
    Info (12023): Found entity 1: CPU File: /home/deku/Facul/DesignComputadores/DesComp/Aula8/CPU.vhd Line: 4
Info (15248): File "/home/deku/Facul/DesignComputadores/DesComp/Aula5/conversorHex7Seg.vhd" is a duplicate of already analyzed file "/home/deku/Facul/DesignComputadores/DesComp/Aula8/conversorHex7Seg.vhd" (same filename, same library name and same md5 digest). Skipping analysis of this file.
Info (12021): Found 0 design units, including 0 entities, in source file /home/deku/Facul/DesignComputadores/DesComp/Aula5/conversorHex7Seg.vhd
Info (12127): Elaborating entity "Aula8" for the top level hierarchy
Info (12128): Elaborating entity "CPU" for hierarchy "CPU:CPU" File: /home/deku/Facul/DesignComputadores/DesComp/Aula8/Aula8.vhd Line: 64
Warning (10541): VHDL Signal Declaration warning at CPU.vhd(24): used implicit default value for signal "ROM_Address" because signal was never assigned a value or an explicit default value. Use of implicit default value may introduce unintended design optimizations. File: /home/deku/Facul/DesignComputadores/DesComp/Aula8/CPU.vhd Line: 24
Warning (10541): VHDL Signal Declaration warning at CPU.vhd(43): used implicit default value for signal "Reset_A" because signal was never assigned a value or an explicit default value. Use of implicit default value may introduce unintended design optimizations. File: /home/deku/Facul/DesignComputadores/DesComp/Aula8/CPU.vhd Line: 43
Warning (10873): Using initial value X (don't care) for net "LEDR[9..8]" at CPU.vhd(28) File: /home/deku/Facul/DesignComputadores/DesComp/Aula8/CPU.vhd Line: 28
Info (12128): Elaborating entity "muxGenerico2x1" for hierarchy "CPU:CPU|muxGenerico2x1:MUX2x1" File: /home/deku/Facul/DesignComputadores/DesComp/Aula8/CPU.vhd Line: 73
Info (12128): Elaborating entity "muxGenerico4x1" for hierarchy "CPU:CPU|muxGenerico4x1:MUX4x1" File: /home/deku/Facul/DesignComputadores/DesComp/Aula8/CPU.vhd Line: 80
Info (12128): Elaborating entity "registradorGenerico" for hierarchy "CPU:CPU|registradorGenerico:REG1" File: /home/deku/Facul/DesignComputadores/DesComp/Aula8/CPU.vhd Line: 89
Info (12128): Elaborating entity "Registrador1X1" for hierarchy "CPU:CPU|Registrador1X1:FLAG" File: /home/deku/Facul/DesignComputadores/DesComp/Aula8/CPU.vhd Line: 93
Info (12128): Elaborating entity "registradorGenerico" for hierarchy "CPU:CPU|registradorGenerico:REG_RET" File: /home/deku/Facul/DesignComputadores/DesComp/Aula8/CPU.vhd Line: 97
Info (12128): Elaborating entity "somaConstante" for hierarchy "CPU:CPU|somaConstante:somaUm" File: /home/deku/Facul/DesignComputadores/DesComp/Aula8/CPU.vhd Line: 105
Info (12128): Elaborating entity "ULASomaSub" for hierarchy "CPU:CPU|ULASomaSub:ULA1" File: /home/deku/Facul/DesignComputadores/DesComp/Aula8/CPU.vhd Line: 109
Info (12128): Elaborating entity "Decoder" for hierarchy "CPU:CPU|Decoder:Decoder" File: /home/deku/Facul/DesignComputadores/DesComp/Aula8/CPU.vhd Line: 113
Warning (10036): Verilog HDL or VHDL warning at Decoder.vhd(16): object "NOP" assigned a value but never read File: /home/deku/Facul/DesignComputadores/DesComp/Aula8/Decoder.vhd Line: 16
Info (12128): Elaborating entity "LogicaDesvio" for hierarchy "CPU:CPU|LogicaDesvio:LogicaDesvio" File: /home/deku/Facul/DesignComputadores/DesComp/Aula8/CPU.vhd Line: 117
Info (12128): Elaborating entity "Decoder3x8" for hierarchy "Decoder3x8:Decoder1" File: /home/deku/Facul/DesignComputadores/DesComp/Aula8/Aula8.vhd Line: 78
Info (12128): Elaborating entity "Registrador1X1" for hierarchy "Registrador1X1:LEDR8" File: /home/deku/Facul/DesignComputadores/DesComp/Aula8/Aula8.vhd Line: 89
Info (12128): Elaborating entity "memoriaROM" for hierarchy "memoriaROM:ROM" File: /home/deku/Facul/DesignComputadores/DesComp/Aula8/Aula8.vhd Line: 95
Info (12128): Elaborating entity "memoriaRAM" for hierarchy "memoriaRAM:RAM" File: /home/deku/Facul/DesignComputadores/DesComp/Aula8/Aula8.vhd Line: 98
Info (276014): Found 1 instances of uninferred RAM logic
    Info (276007): RAM logic "memoriaRAM:RAM|ram" is uninferred due to asynchronous read logic File: /home/deku/Facul/DesignComputadores/DesComp/Aula8/MemoriaRAM.vhd Line: 27
Warning (13024): Output pins are stuck at VCC or GND
    Warning (13410): Pin "LEDR[0]" is stuck at GND File: /home/deku/Facul/DesignComputadores/DesComp/Aula8/Aula8.vhd Line: 18
    Warning (13410): Pin "LEDR[1]" is stuck at GND File: /home/deku/Facul/DesignComputadores/DesComp/Aula8/Aula8.vhd Line: 18
    Warning (13410): Pin "LEDR[2]" is stuck at GND File: /home/deku/Facul/DesignComputadores/DesComp/Aula8/Aula8.vhd Line: 18
    Warning (13410): Pin "LEDR[3]" is stuck at GND File: /home/deku/Facul/DesignComputadores/DesComp/Aula8/Aula8.vhd Line: 18
    Warning (13410): Pin "LEDR[4]" is stuck at GND File: /home/deku/Facul/DesignComputadores/DesComp/Aula8/Aula8.vhd Line: 18
    Warning (13410): Pin "LEDR[5]" is stuck at GND File: /home/deku/Facul/DesignComputadores/DesComp/Aula8/Aula8.vhd Line: 18
    Warning (13410): Pin "LEDR[6]" is stuck at GND File: /home/deku/Facul/DesignComputadores/DesComp/Aula8/Aula8.vhd Line: 18
    Warning (13410): Pin "LEDR[7]" is stuck at GND File: /home/deku/Facul/DesignComputadores/DesComp/Aula8/Aula8.vhd Line: 18
    Warning (13410): Pin "LEDR[8]" is stuck at GND File: /home/deku/Facul/DesignComputadores/DesComp/Aula8/Aula8.vhd Line: 18
    Warning (13410): Pin "LEDR[9]" is stuck at GND File: /home/deku/Facul/DesignComputadores/DesComp/Aula8/Aula8.vhd Line: 18
    Warning (13410): Pin "ROM_Saida[0]" is stuck at VCC File: /home/deku/Facul/DesignComputadores/DesComp/Aula8/Aula8.vhd Line: 19
    Warning (13410): Pin "ROM_Saida[1]" is stuck at GND File: /home/deku/Facul/DesignComputadores/DesComp/Aula8/Aula8.vhd Line: 19
    Warning (13410): Pin "ROM_Saida[2]" is stuck at GND File: /home/deku/Facul/DesignComputadores/DesComp/Aula8/Aula8.vhd Line: 19
    Warning (13410): Pin "ROM_Saida[3]" is stuck at GND File: /home/deku/Facul/DesignComputadores/DesComp/Aula8/Aula8.vhd Line: 19
    Warning (13410): Pin "ROM_Saida[4]" is stuck at GND File: /home/deku/Facul/DesignComputadores/DesComp/Aula8/Aula8.vhd Line: 19
    Warning (13410): Pin "ROM_Saida[5]" is stuck at GND File: /home/deku/Facul/DesignComputadores/DesComp/Aula8/Aula8.vhd Line: 19
    Warning (13410): Pin "ROM_Saida[6]" is stuck at GND File: /home/deku/Facul/DesignComputadores/DesComp/Aula8/Aula8.vhd Line: 19
    Warning (13410): Pin "ROM_Saida[7]" is stuck at GND File: /home/deku/Facul/DesignComputadores/DesComp/Aula8/Aula8.vhd Line: 19
    Warning (13410): Pin "ROM_Saida[8]" is stuck at GND File: /home/deku/Facul/DesignComputadores/DesComp/Aula8/Aula8.vhd Line: 19
    Warning (13410): Pin "ROM_Saida[9]" is stuck at GND File: /home/deku/Facul/DesignComputadores/DesComp/Aula8/Aula8.vhd Line: 19
    Warning (13410): Pin "ROM_Saida[10]" is stuck at GND File: /home/deku/Facul/DesignComputadores/DesComp/Aula8/Aula8.vhd Line: 19
    Warning (13410): Pin "ROM_Saida[11]" is stuck at VCC File: /home/deku/Facul/DesignComputadores/DesComp/Aula8/Aula8.vhd Line: 19
    Warning (13410): Pin "ROM_Saida[12]" is stuck at GND File: /home/deku/Facul/DesignComputadores/DesComp/Aula8/Aula8.vhd Line: 19
    Warning (13410): Pin "Address[0]" is stuck at GND File: /home/deku/Facul/DesignComputadores/DesComp/Aula8/Aula8.vhd Line: 21
    Warning (13410): Pin "Address[1]" is stuck at GND File: /home/deku/Facul/DesignComputadores/DesComp/Aula8/Aula8.vhd Line: 21
    Warning (13410): Pin "Address[2]" is stuck at GND File: /home/deku/Facul/DesignComputadores/DesComp/Aula8/Aula8.vhd Line: 21
    Warning (13410): Pin "Address[3]" is stuck at GND File: /home/deku/Facul/DesignComputadores/DesComp/Aula8/Aula8.vhd Line: 21
    Warning (13410): Pin "Address[4]" is stuck at GND File: /home/deku/Facul/DesignComputadores/DesComp/Aula8/Aula8.vhd Line: 21
    Warning (13410): Pin "Address[5]" is stuck at GND File: /home/deku/Facul/DesignComputadores/DesComp/Aula8/Aula8.vhd Line: 21
    Warning (13410): Pin "Address[6]" is stuck at GND File: /home/deku/Facul/DesignComputadores/DesComp/Aula8/Aula8.vhd Line: 21
    Warning (13410): Pin "Address[7]" is stuck at GND File: /home/deku/Facul/DesignComputadores/DesComp/Aula8/Aula8.vhd Line: 21
    Warning (13410): Pin "Address[8]" is stuck at GND File: /home/deku/Facul/DesignComputadores/DesComp/Aula8/Aula8.vhd Line: 21
Info (17049): 18 registers lost all their fanouts during netlist optimizations.
Info (16010): Generating hard_block partition "hard_block:auto_generated_inst"
    Info (16011): Adding 0 node(s), including 0 DDIO, 0 PLL, 0 transceiver and 0 LCELL
Warning (21074): Design contains 5 input pin(s) that do not drive logic
    Warning (15610): No output dependent on input pin "CLOCK_50" File: /home/deku/Facul/DesignComputadores/DesComp/Aula8/Aula8.vhd Line: 16
    Warning (15610): No output dependent on input pin "KEY[1]" File: /home/deku/Facul/DesignComputadores/DesComp/Aula8/Aula8.vhd Line: 17
    Warning (15610): No output dependent on input pin "KEY[2]" File: /home/deku/Facul/DesignComputadores/DesComp/Aula8/Aula8.vhd Line: 17
    Warning (15610): No output dependent on input pin "KEY[3]" File: /home/deku/Facul/DesignComputadores/DesComp/Aula8/Aula8.vhd Line: 17
    Warning (15610): No output dependent on input pin "KEY[0]" File: /home/deku/Facul/DesignComputadores/DesComp/Aula8/Aula8.vhd Line: 17
Info (21057): Implemented 45 device resources after synthesis - the final resource count might be different
    Info (21058): Implemented 5 input pins
    Info (21059): Implemented 40 output pins
Info: Quartus Prime Analysis & Synthesis was successful. 0 errors, 45 warnings
    Info: Peak virtual memory: 476 megabytes
    Info: Processing ended: Wed Sep 29 16:23:28 2021
    Info: Elapsed time: 00:00:08
    Info: Total CPU time (on all processors): 00:00:20


